<?xml version="1.0" encoding="UTF-8"?>
<!-- Generated by org.testng.reporters.JUnitReportReporter -->
<testsuite hostname="TREINBLRL00280" failures="0" tests="4" name="testRunner.TestNG_Runner" time="0.123" errors="0" timestamp="2025-05-21T10:45:34 IST" skipped="0">
  <testcase classname="testRunner.TestNG_Runner" name="runScenario" time="0.011"/>
  <testcase classname="testRunner.TestNG_Runner" name="runScenario" time="0.006"/>
  <testcase classname="testRunner.TestNG_Runner" name="runScenario" time="0.017"/>
  <testcase classname="testRunner.TestNG_Runner" name="runScenario" time="0.089"/>
</testsuite> <!-- testRunner.TestNG_Runner -->
